<?xml version="1.0" encoding="UTF-8"?>
<testsuite name="Test"
           tests="4"
           failures="0"
           errors="0"
           skipped="0"
           time="37.677">
  <properties />
  
  
            <testcase name="sparesEntryTest" time="15.711" classname="com.gms.testcases.EstimationTest" />
                <testcase name="jobCardTest" time="3.732" classname="com.gms.testcases.EstimationTest" />
                <testcase name="EstimationBtnTest" time="5.978" classname="com.gms.testcases.EstimationTest" />
                <testcase name="servicesEntryTest" time="12.256" classname="com.gms.testcases.EstimationTest" />
      
</testsuite>
